2024-12-16 16:27:58,950 INFO: [preprocessing data] start
2024-12-16 16:27:59,088 INFO: [create data] OnDemandData is created
2024-12-16 16:27:59,094 INFO: [generating chunk] start
2024-12-16 16:27:59,094 INFO: [generating chunk] chunk_idx=0
2024-12-16 16:27:59,094 DEBUG: F:\ffmpeg\ffmpeg-7.0.2-full_build-shared\bin\ffmpeg.EXE -i E:\code\cust-project\vr-video\e3po\pythonProject\E3PO\e3po\source\video\simple_1080.mp4 -threads 6 -preset faster -c:v libx264 -bf 0 -ss 00:00:00 -to 00:02:31 -y E:\code\cust-project\vr-video\e3po\pythonProject\E3PO\e3po\source\video\simple_1080\simple_1080\erp\chunk_0000.mp4 -loglevel error
2024-12-16 16:28:34,041 INFO: [generating chunk] end
2024-12-16 16:30:01,173 DEBUG: F:\ffmpeg\ffmpeg-7.0.2-full_build-shared\bin\ffmpeg.EXE -r 30 -start_number 0 -i %d.png -threads 6 -preset faster -c:v libx264 -g 60 -bf 0 -qp 29 -y E:\code\cust-project\vr-video\e3po\pythonProject\E3PO\e3po\source\video\simple_1080\simple_1080\erp\dst_video_folder\chunk_0000_tile_000.mp4 -loglevel error
2024-12-16 16:30:39,459 INFO: [delete the generated png images]
2024-12-16 16:32:01,935 DEBUG: F:\ffmpeg\ffmpeg-7.0.2-full_build-shared\bin\ffmpeg.EXE -r 30 -start_number 0 -i %d.png -threads 6 -preset faster -c:v libx264 -g 60 -bf 0 -qp 29 -y E:\code\cust-project\vr-video\e3po\pythonProject\E3PO\e3po\source\video\simple_1080\simple_1080\erp\dst_video_folder\chunk_0000_tile_001.mp4 -loglevel error
2024-12-16 16:32:38,495 INFO: [delete the generated png images]
2024-12-16 16:34:08,237 DEBUG: F:\ffmpeg\ffmpeg-7.0.2-full_build-shared\bin\ffmpeg.EXE -r 30 -start_number 0 -i %d.png -threads 6 -preset faster -c:v libx264 -g 60 -bf 0 -qp 29 -y E:\code\cust-project\vr-video\e3po\pythonProject\E3PO\e3po\source\video\simple_1080\simple_1080\erp\dst_video_folder\chunk_0000_tile_002.mp4 -loglevel error
2024-12-16 16:34:47,278 INFO: [delete the generated png images]
2024-12-16 16:36:15,768 DEBUG: F:\ffmpeg\ffmpeg-7.0.2-full_build-shared\bin\ffmpeg.EXE -r 30 -start_number 0 -i %d.png -threads 6 -preset faster -c:v libx264 -g 60 -bf 0 -qp 29 -y E:\code\cust-project\vr-video\e3po\pythonProject\E3PO\e3po\source\video\simple_1080\simple_1080\erp\dst_video_folder\chunk_0000_tile_003.mp4 -loglevel error
2024-12-16 16:36:53,972 INFO: [delete the generated png images]
2024-12-16 16:38:22,448 DEBUG: F:\ffmpeg\ffmpeg-7.0.2-full_build-shared\bin\ffmpeg.EXE -r 30 -start_number 0 -i %d.png -threads 6 -preset faster -c:v libx264 -g 60 -bf 0 -qp 29 -y E:\code\cust-project\vr-video\e3po\pythonProject\E3PO\e3po\source\video\simple_1080\simple_1080\erp\dst_video_folder\chunk_0000_tile_004.mp4 -loglevel error
2024-12-16 16:39:01,256 INFO: [delete the generated png images]
2024-12-16 16:40:29,161 DEBUG: F:\ffmpeg\ffmpeg-7.0.2-full_build-shared\bin\ffmpeg.EXE -r 30 -start_number 0 -i %d.png -threads 6 -preset faster -c:v libx264 -g 60 -bf 0 -qp 29 -y E:\code\cust-project\vr-video\e3po\pythonProject\E3PO\e3po\source\video\simple_1080\simple_1080\erp\dst_video_folder\chunk_0000_tile_005.mp4 -loglevel error
2024-12-16 16:41:07,978 INFO: [delete the generated png images]
2024-12-16 16:42:39,031 DEBUG: F:\ffmpeg\ffmpeg-7.0.2-full_build-shared\bin\ffmpeg.EXE -r 30 -start_number 0 -i %d.png -threads 6 -preset faster -c:v libx264 -g 60 -bf 0 -qp 29 -y E:\code\cust-project\vr-video\e3po\pythonProject\E3PO\e3po\source\video\simple_1080\simple_1080\erp\dst_video_folder\chunk_0000_tile_006.mp4 -loglevel error
2024-12-16 16:43:20,322 INFO: [delete the generated png images]
2024-12-16 16:44:49,469 DEBUG: F:\ffmpeg\ffmpeg-7.0.2-full_build-shared\bin\ffmpeg.EXE -r 30 -start_number 0 -i %d.png -threads 6 -preset faster -c:v libx264 -g 60 -bf 0 -qp 29 -y E:\code\cust-project\vr-video\e3po\pythonProject\E3PO\e3po\source\video\simple_1080\simple_1080\erp\dst_video_folder\chunk_0000_tile_007.mp4 -loglevel error
2024-12-16 16:45:30,987 INFO: [delete the generated png images]
2024-12-16 16:47:02,253 DEBUG: F:\ffmpeg\ffmpeg-7.0.2-full_build-shared\bin\ffmpeg.EXE -r 30 -start_number 0 -i %d.png -threads 6 -preset faster -c:v libx264 -g 60 -bf 0 -qp 29 -y E:\code\cust-project\vr-video\e3po\pythonProject\E3PO\e3po\source\video\simple_1080\simple_1080\erp\dst_video_folder\chunk_0000_tile_008.mp4 -loglevel error
2024-12-16 16:47:42,564 INFO: [delete the generated png images]
2024-12-16 16:49:12,675 DEBUG: F:\ffmpeg\ffmpeg-7.0.2-full_build-shared\bin\ffmpeg.EXE -r 30 -start_number 0 -i %d.png -threads 6 -preset faster -c:v libx264 -g 60 -bf 0 -qp 29 -y E:\code\cust-project\vr-video\e3po\pythonProject\E3PO\e3po\source\video\simple_1080\simple_1080\erp\dst_video_folder\chunk_0000_tile_009.mp4 -loglevel error
2024-12-16 16:49:52,423 INFO: [delete the generated png images]
2024-12-16 16:51:21,563 DEBUG: F:\ffmpeg\ffmpeg-7.0.2-full_build-shared\bin\ffmpeg.EXE -r 30 -start_number 0 -i %d.png -threads 6 -preset faster -c:v libx264 -g 60 -bf 0 -qp 29 -y E:\code\cust-project\vr-video\e3po\pythonProject\E3PO\e3po\source\video\simple_1080\simple_1080\erp\dst_video_folder\chunk_0000_tile_010.mp4 -loglevel error
2024-12-16 16:52:00,004 INFO: [delete the generated png images]
2024-12-16 16:53:26,524 DEBUG: F:\ffmpeg\ffmpeg-7.0.2-full_build-shared\bin\ffmpeg.EXE -r 30 -start_number 0 -i %d.png -threads 6 -preset faster -c:v libx264 -g 60 -bf 0 -qp 29 -y E:\code\cust-project\vr-video\e3po\pythonProject\E3PO\e3po\source\video\simple_1080\simple_1080\erp\dst_video_folder\chunk_0000_tile_011.mp4 -loglevel error
2024-12-16 16:54:04,984 INFO: [delete the generated png images]
2024-12-16 16:55:31,192 DEBUG: F:\ffmpeg\ffmpeg-7.0.2-full_build-shared\bin\ffmpeg.EXE -r 30 -start_number 0 -i %d.png -threads 6 -preset faster -c:v libx264 -g 60 -bf 0 -qp 29 -y E:\code\cust-project\vr-video\e3po\pythonProject\E3PO\e3po\source\video\simple_1080\simple_1080\erp\dst_video_folder\chunk_0000_tile_012.mp4 -loglevel error
2024-12-16 16:56:09,623 INFO: [delete the generated png images]
2024-12-16 16:57:39,265 DEBUG: F:\ffmpeg\ffmpeg-7.0.2-full_build-shared\bin\ffmpeg.EXE -r 30 -start_number 0 -i %d.png -threads 6 -preset faster -c:v libx264 -g 60 -bf 0 -qp 29 -y E:\code\cust-project\vr-video\e3po\pythonProject\E3PO\e3po\source\video\simple_1080\simple_1080\erp\dst_video_folder\chunk_0000_tile_013.mp4 -loglevel error
2024-12-16 16:58:18,156 INFO: [delete the generated png images]
2024-12-16 16:59:56,655 DEBUG: F:\ffmpeg\ffmpeg-7.0.2-full_build-shared\bin\ffmpeg.EXE -r 30 -start_number 0 -i %d.png -threads 6 -preset faster -c:v libx264 -g 60 -bf 0 -qp 29 -y E:\code\cust-project\vr-video\e3po\pythonProject\E3PO\e3po\source\video\simple_1080\simple_1080\erp\dst_video_folder\chunk_0000_tile_014.mp4 -loglevel error
2024-12-16 17:00:37,266 INFO: [delete the generated png images]
2024-12-16 17:02:13,953 DEBUG: F:\ffmpeg\ffmpeg-7.0.2-full_build-shared\bin\ffmpeg.EXE -r 30 -start_number 0 -i %d.png -threads 6 -preset faster -c:v libx264 -g 60 -bf 0 -qp 29 -y E:\code\cust-project\vr-video\e3po\pythonProject\E3PO\e3po\source\video\simple_1080\simple_1080\erp\dst_video_folder\chunk_0000_tile_015.mp4 -loglevel error
2024-12-16 17:02:54,230 INFO: [delete the generated png images]
2024-12-16 17:04:37,801 DEBUG: F:\ffmpeg\ffmpeg-7.0.2-full_build-shared\bin\ffmpeg.EXE -r 30 -start_number 0 -i %d.png -threads 6 -preset faster -c:v libx264 -g 60 -bf 0 -qp 29 -y E:\code\cust-project\vr-video\e3po\pythonProject\E3PO\e3po\source\video\simple_1080\simple_1080\erp\dst_video_folder\chunk_0000_background.mp4 -loglevel error
2024-12-16 17:05:21,570 INFO: [delete the generated png images]
2024-12-16 17:05:21,574 INFO: [delete the generated video]
2024-12-16 17:05:21,574 INFO: on_demand preprocessing end.
2024-12-16 17:05:21,574 INFO: [preprocessing data] end
